<?xml version="1.0" encoding="UTF-8"?>
<!-- Generated by org.testng.reporters.JUnitXMLReporter -->
<testsuite ignored="2" hostname="LAPTOP-R47CCG0J" failures="0" tests="2" name="ChromeTest" time="55.393" errors="0" timestamp="10 Feb 2023 13:00:28 GMT">
  <testcase classname="testNgPack.Test1Class" name="test1" time="5.503"/>
  <testcase classname="testNgPack.Test2Class" name="test1" time="22.195"/>
  <testcase classname="testNgPack.Test1Class" name="test3" time="0.0">
    <ignored/>
  </testcase> <!-- test3 -->
  <testcase classname="testNgPack.Test1Class" name="test2" time="0.0">
    <ignored/>
  </testcase> <!-- test2 -->
</testsuite> <!-- ChromeTest -->
