<?xml version="1.0" encoding="UTF-8"?>
<!-- Generated by org.testng.reporters.JUnitXMLReporter -->
<testsuite ignored="2" hostname="LAPTOP-R47CCG0J" failures="1" tests="2" name="FirefoxTest" time="43.876" errors="0" timestamp="10 Feb 2023 13:01:12 GMT">
  <testcase classname="testNgPack.Test1Class" name="test1" time="3.277">
    <failure type="java.lang.AssertionError" message="The URL is not matched expected [https://www.firstnaukri.com/jobs-internship] but found [https://www.firstnaukri.com/]">
      <![CDATA[java.lang.AssertionError: The URL is not matched expected [https://www.firstnaukri.com/jobs-internship] but found [https://www.firstnaukri.com/]
at testNgPack.Test1Class.test1(Test1Class.java:90)
... Removed 28 stack frames]]>
    </failure>
  </testcase> <!-- test1 -->
  <testcase classname="testNgPack.Test2Class" name="test1" time="14.461"/>
  <testcase classname="testNgPack.Test1Class" name="test3" time="0.0">
    <ignored/>
  </testcase> <!-- test3 -->
  <testcase classname="testNgPack.Test1Class" name="test2" time="0.0">
    <ignored/>
  </testcase> <!-- test2 -->
</testsuite> <!-- FirefoxTest -->
