<?xml version="1.0" encoding="UTF-8"?>
<!-- Generated by org.testng.reporters.JUnitXMLReporter -->
<testsuite ignored="0" hostname="LAPTOP-R47CCG0J" failures="0" tests="4" name="Test123" time="57.422" errors="0" timestamp="03 Feb 2023 11:26:04 GMT">
  <testcase classname="testNgPack.Test1Class" name="test1" time="4.784"/>
  <testcase classname="testNgPack.Test1Class" name="test2" time="15.739"/>
  <testcase classname="testNgPack.Test1Class" name="test3" time="8.766"/>
  <testcase classname="testNgPack.Test2Class" name="test1" time="11.502"/>
</testsuite> <!-- Test123 -->
