<?xml version="1.0" encoding="UTF-8"?>
<testng-results ignored="4" total="8" passed="3" failed="1" skipped="0">
  <reporter-output>
  </reporter-output>
  <suite started-at="2023-02-10T12:59:32Z" name="Naukri Suite" finished-at="2023-02-10T13:01:12Z" duration-ms="99380">
    <groups>
    </groups>
    <test started-at="2023-02-10T12:59:32Z" name="ChromeTest" finished-at="2023-02-10T13:00:28Z" duration-ms="55393">
      <class name="testNgPack.Test1Class">
        <test-method is-config="true" signature="openbrowser(java.lang.String)[pri:0, instance:testNgPack.Test1Class@19e4653c]" started-at="2023-02-10T12:59:32Z" name="openbrowser" finished-at="2023-02-10T12:59:34Z" duration-ms="2047" status="PASS">
          <params>
            <param index="0">
              <value>
                <![CDATA[Chrome]]>
              </value>
            </param>
          </params>
          <reporter-output>
          </reporter-output>
        </test-method> <!-- openbrowser -->
        <test-method is-config="true" signature="openbrowser(java.lang.String)[pri:0, instance:testNgPack.Test2Class@795509d9]" started-at="2023-02-10T12:59:34Z" name="openbrowser" finished-at="2023-02-10T12:59:35Z" duration-ms="1288" status="PASS">
          <params>
            <param index="0">
              <value>
                <![CDATA[Chrome]]>
              </value>
            </param>
          </params>
          <reporter-output>
          </reporter-output>
        </test-method> <!-- openbrowser -->
        <test-method is-config="true" signature="openBrowser()[pri:0, instance:testNgPack.Test1Class@19e4653c]" started-at="2023-02-10T12:59:36Z" name="openBrowser" finished-at="2023-02-10T12:59:45Z" duration-ms="9840" status="PASS">
          <reporter-output>
          </reporter-output>
        </test-method> <!-- openBrowser -->
        <test-method is-config="true" signature="beforeMethod()[pri:0, instance:testNgPack.Test1Class@19e4653c]" started-at="2023-02-10T12:59:45Z" name="beforeMethod" finished-at="2023-02-10T12:59:45Z" duration-ms="1" status="PASS">
          <reporter-output>
          </reporter-output>
        </test-method> <!-- beforeMethod -->
        <test-method signature="test1()[pri:0, instance:testNgPack.Test1Class@19e4653c]" started-at="2023-02-10T12:59:45Z" name="test1" finished-at="2023-02-10T12:59:51Z" duration-ms="5503" status="PASS">
          <reporter-output>
          </reporter-output>
        </test-method> <!-- test1 -->
        <test-method is-config="true" signature="aftermethod()[pri:0, instance:testNgPack.Test1Class@19e4653c]" started-at="2023-02-10T12:59:51Z" name="aftermethod" finished-at="2023-02-10T12:59:51Z" duration-ms="2" status="PASS">
          <reporter-output>
          </reporter-output>
        </test-method> <!-- aftermethod -->
        <test-method is-config="true" signature="afterclass()[pri:0, instance:testNgPack.Test1Class@19e4653c]" started-at="2023-02-10T12:59:51Z" name="afterclass" finished-at="2023-02-10T12:59:51Z" duration-ms="0" status="PASS">
          <reporter-output>
          </reporter-output>
        </test-method> <!-- afterclass -->
        <test-method is-config="true" signature="afterTest()[pri:0, instance:testNgPack.Test1Class@19e4653c]" started-at="2023-02-10T13:00:25Z" name="afterTest" finished-at="2023-02-10T13:00:26Z" duration-ms="1093" status="PASS">
          <reporter-output>
          </reporter-output>
        </test-method> <!-- afterTest -->
        <test-method is-config="true" signature="afterTest()[pri:0, instance:testNgPack.Test2Class@795509d9]" started-at="2023-02-10T13:00:26Z" name="afterTest" finished-at="2023-02-10T13:00:28Z" duration-ms="1180" status="PASS">
          <reporter-output>
          </reporter-output>
        </test-method> <!-- afterTest -->
      </class> <!-- testNgPack.Test1Class -->
      <class name="testNgPack.Test2Class">
        <test-method is-config="true" signature="openBrowser()[pri:0, instance:testNgPack.Test2Class@795509d9]" started-at="2023-02-10T12:59:51Z" name="openBrowser" finished-at="2023-02-10T13:00:03Z" duration-ms="12199" status="PASS">
          <reporter-output>
          </reporter-output>
        </test-method> <!-- openBrowser -->
        <test-method is-config="true" signature="beforeMethod()[pri:0, instance:testNgPack.Test2Class@795509d9]" started-at="2023-02-10T13:00:03Z" name="beforeMethod" finished-at="2023-02-10T13:00:03Z" duration-ms="1" status="PASS">
          <reporter-output>
          </reporter-output>
        </test-method> <!-- beforeMethod -->
        <test-method signature="test1()[pri:0, instance:testNgPack.Test2Class@795509d9]" started-at="2023-02-10T13:00:03Z" name="test1" finished-at="2023-02-10T13:00:25Z" duration-ms="22195" status="PASS">
          <reporter-output>
          </reporter-output>
        </test-method> <!-- test1 -->
        <test-method is-config="true" signature="aftermethod()[pri:0, instance:testNgPack.Test2Class@795509d9]" started-at="2023-02-10T13:00:25Z" name="aftermethod" finished-at="2023-02-10T13:00:25Z" duration-ms="0" status="PASS">
          <reporter-output>
          </reporter-output>
        </test-method> <!-- aftermethod -->
        <test-method is-config="true" signature="afterclass()[pri:0, instance:testNgPack.Test2Class@795509d9]" started-at="2023-02-10T13:00:25Z" name="afterclass" finished-at="2023-02-10T13:00:25Z" duration-ms="0" status="PASS">
          <reporter-output>
          </reporter-output>
        </test-method> <!-- afterclass -->
      </class> <!-- testNgPack.Test2Class -->
    </test> <!-- ChromeTest -->
    <test started-at="2023-02-10T13:00:28Z" name="FirefoxTest" finished-at="2023-02-10T13:01:12Z" duration-ms="43876">
      <class name="testNgPack.Test1Class">
        <test-method is-config="true" signature="beforeSuite()[pri:0, instance:testNgPack.Test1Class@6caf0677]" started-at="2023-02-10T12:59:32Z" name="beforeSuite" finished-at="2023-02-10T12:59:32Z" duration-ms="11" status="PASS">
          <reporter-output>
          </reporter-output>
        </test-method> <!-- beforeSuite -->
        <test-method is-config="true" signature="openbrowser(java.lang.String)[pri:0, instance:testNgPack.Test1Class@6caf0677]" started-at="2023-02-10T13:00:28Z" name="openbrowser" finished-at="2023-02-10T13:00:32Z" duration-ms="4401" status="PASS">
          <params>
            <param index="0">
              <value>
                <![CDATA[Firefox]]>
              </value>
            </param>
          </params>
          <reporter-output>
          </reporter-output>
        </test-method> <!-- openbrowser -->
        <test-method is-config="true" signature="openbrowser(java.lang.String)[pri:0, instance:testNgPack.Test2Class@413d1baf]" started-at="2023-02-10T13:00:32Z" name="openbrowser" finished-at="2023-02-10T13:00:35Z" duration-ms="3183" status="PASS">
          <params>
            <param index="0">
              <value>
                <![CDATA[Firefox]]>
              </value>
            </param>
          </params>
          <reporter-output>
          </reporter-output>
        </test-method> <!-- openbrowser -->
        <test-method is-config="true" signature="openBrowser()[pri:0, instance:testNgPack.Test1Class@6caf0677]" started-at="2023-02-10T13:00:35Z" name="openBrowser" finished-at="2023-02-10T13:00:45Z" duration-ms="9251" status="PASS">
          <reporter-output>
          </reporter-output>
        </test-method> <!-- openBrowser -->
        <test-method signature="test1()[pri:0, instance:testNgPack.Test1Class@6caf0677]" started-at="2023-02-10T13:00:45Z" name="test1" finished-at="2023-02-10T13:00:48Z" duration-ms="3277" status="FAIL">
          <exception class="java.lang.AssertionError">
            <message>
              <![CDATA[The URL is not matched expected [https://www.firstnaukri.com/jobs-internship] but found [https://www.firstnaukri.com/]]]>
            </message>
            <full-stacktrace>
              <![CDATA[java.lang.AssertionError: The URL is not matched expected [https://www.firstnaukri.com/jobs-internship] but found [https://www.firstnaukri.com/]
at org.testng.Assert.fail(Assert.java:96)
at org.testng.Assert.failNotEquals(Assert.java:776)
at org.testng.Assert.assertEqualsImpl(Assert.java:137)
at org.testng.Assert.assertEquals(Assert.java:118)
at org.testng.Assert.assertEquals(Assert.java:453)
at testNgPack.Test1Class.test1(Test1Class.java:90)
at java.base/jdk.internal.reflect.DirectMethodHandleAccessor.invoke(DirectMethodHandleAccessor.java:104)
at java.base/java.lang.reflect.Method.invoke(Method.java:577)
at org.testng.internal.MethodInvocationHelper.invokeMethod(MethodInvocationHelper.java:124)
at org.testng.internal.Invoker.invokeMethod(Invoker.java:583)
at org.testng.internal.Invoker.invokeTestMethod(Invoker.java:719)
at org.testng.internal.Invoker.invokeTestMethods(Invoker.java:989)
at org.testng.internal.TestMethodWorker.invokeTestMethods(TestMethodWorker.java:125)
at org.testng.internal.TestMethodWorker.run(TestMethodWorker.java:109)
at org.testng.TestRunner.privateRun(TestRunner.java:648)
at org.testng.TestRunner.run(TestRunner.java:505)
at org.testng.SuiteRunner.runTest(SuiteRunner.java:455)
at org.testng.SuiteRunner.runSequentially(SuiteRunner.java:450)
at org.testng.SuiteRunner.privateRun(SuiteRunner.java:415)
at org.testng.SuiteRunner.run(SuiteRunner.java:364)
at org.testng.SuiteRunnerWorker.runSuite(SuiteRunnerWorker.java:52)
at org.testng.SuiteRunnerWorker.run(SuiteRunnerWorker.java:84)
at org.testng.TestNG.runSuitesSequentially(TestNG.java:1208)
at org.testng.TestNG.runSuitesLocally(TestNG.java:1137)
at org.testng.TestNG.runSuites(TestNG.java:1049)
at org.testng.TestNG.run(TestNG.java:1017)
at org.testng.remote.AbstractRemoteTestNG.run(AbstractRemoteTestNG.java:115)
at org.testng.remote.RemoteTestNG.initAndRun(RemoteTestNG.java:251)
at org.testng.remote.RemoteTestNG.main(RemoteTestNG.java:77)
]]>
            </full-stacktrace>
          </exception> <!-- java.lang.AssertionError -->
          <reporter-output>
          </reporter-output>
        </test-method> <!-- test1 -->
        <test-method is-config="true" signature="beforeMethod()[pri:0, instance:testNgPack.Test1Class@6caf0677]" started-at="2023-02-10T13:00:45Z" name="beforeMethod" finished-at="2023-02-10T13:00:45Z" duration-ms="0" status="PASS">
          <reporter-output>
          </reporter-output>
        </test-method> <!-- beforeMethod -->
        <test-method is-config="true" signature="aftermethod()[pri:0, instance:testNgPack.Test1Class@6caf0677]" started-at="2023-02-10T13:00:48Z" name="aftermethod" finished-at="2023-02-10T13:00:48Z" duration-ms="1" status="PASS">
          <reporter-output>
          </reporter-output>
        </test-method> <!-- aftermethod -->
        <test-method is-config="true" signature="afterclass()[pri:0, instance:testNgPack.Test1Class@6caf0677]" started-at="2023-02-10T13:00:48Z" name="afterclass" finished-at="2023-02-10T13:00:48Z" duration-ms="0" status="PASS">
          <reporter-output>
          </reporter-output>
        </test-method> <!-- afterclass -->
        <test-method is-config="true" signature="afterTest()[pri:0, instance:testNgPack.Test1Class@6caf0677]" started-at="2023-02-10T13:01:08Z" name="afterTest" finished-at="2023-02-10T13:01:10Z" duration-ms="2313" status="PASS">
          <reporter-output>
          </reporter-output>
        </test-method> <!-- afterTest -->
        <test-method is-config="true" signature="afterTest()[pri:0, instance:testNgPack.Test2Class@413d1baf]" started-at="2023-02-10T13:01:10Z" name="afterTest" finished-at="2023-02-10T13:01:12Z" duration-ms="1223" status="PASS">
          <reporter-output>
          </reporter-output>
        </test-method> <!-- afterTest -->
        <test-method is-config="true" signature="aftersuite()[pri:0, instance:testNgPack.Test1Class@6caf0677]" started-at="2023-02-10T13:01:12Z" name="aftersuite" finished-at="2023-02-10T13:01:12Z" duration-ms="17" status="PASS">
          <reporter-output>
          </reporter-output>
        </test-method> <!-- aftersuite -->
      </class> <!-- testNgPack.Test1Class -->
      <class name="testNgPack.Test2Class">
        <test-method is-config="true" signature="openBrowser()[pri:0, instance:testNgPack.Test2Class@413d1baf]" started-at="2023-02-10T13:00:48Z" name="openBrowser" finished-at="2023-02-10T13:00:54Z" duration-ms="5703" status="PASS">
          <reporter-output>
          </reporter-output>
        </test-method> <!-- openBrowser -->
        <test-method signature="test1()[pri:0, instance:testNgPack.Test2Class@413d1baf]" started-at="2023-02-10T13:00:54Z" name="test1" finished-at="2023-02-10T13:01:08Z" duration-ms="14461" status="PASS">
          <reporter-output>
          </reporter-output>
        </test-method> <!-- test1 -->
        <test-method is-config="true" signature="beforeMethod()[pri:0, instance:testNgPack.Test2Class@413d1baf]" started-at="2023-02-10T13:00:54Z" name="beforeMethod" finished-at="2023-02-10T13:00:54Z" duration-ms="0" status="PASS">
          <reporter-output>
          </reporter-output>
        </test-method> <!-- beforeMethod -->
        <test-method is-config="true" signature="aftermethod()[pri:0, instance:testNgPack.Test2Class@413d1baf]" started-at="2023-02-10T13:01:08Z" name="aftermethod" finished-at="2023-02-10T13:01:08Z" duration-ms="1" status="PASS">
          <reporter-output>
          </reporter-output>
        </test-method> <!-- aftermethod -->
        <test-method is-config="true" signature="afterclass()[pri:0, instance:testNgPack.Test2Class@413d1baf]" started-at="2023-02-10T13:01:08Z" name="afterclass" finished-at="2023-02-10T13:01:08Z" duration-ms="1" status="PASS">
          <reporter-output>
          </reporter-output>
        </test-method> <!-- afterclass -->
      </class> <!-- testNgPack.Test2Class -->
    </test> <!-- FirefoxTest -->
  </suite> <!-- Naukri Suite -->
</testng-results>
